<?xml version="1.0" encoding="UTF-8"?>
<!-- Generated by org.testng.reporters.JUnitXMLReporter -->
<testsuite hostname="Shukan" ignored="0" name="InfoPages" tests="1" failures="0" timestamp="18 Nov 2019 23:39:57 GMT" time="0.011" errors="0">
  <testcase name="@BeforeTest open" time="0.0" classname="Facebook.InfopageTest">
    <failure type="java.lang.NullPointerException">
      <![CDATA[java.lang.NullPointerException
at Practise.BaseTest.Basefile(BaseTest.java:27)
at Facebook.InfopageTest.open(InfopageTest.java:17)
... Removed 24 stack frames]]>
    </failure>
  </testcase> <!-- @BeforeTest open -->
  <testcase name="@AfterTest close" time="0.0" classname="Facebook.InfopageTest">
    <skipped/>
  </testcase> <!-- @AfterTest close -->
  <testcase name="Info" time="0.0" classname="Facebook.InfopageTest">
    <skipped/>
  </testcase> <!-- Info -->
</testsuite> <!-- InfoPages -->
