<?xml version="1.0" encoding="UTF-8"?>
<testng-results skipped="0" failed="0" total="3" passed="3">
  <reporter-output>
  </reporter-output>
  <suite name="Suite" duration-ms="28071" started-at="2019-11-19T18:39:11Z" finished-at="2019-11-19T18:39:39Z">
    <groups>
    </groups>
    <test name="Test" duration-ms="28071" started-at="2019-11-19T18:39:11Z" finished-at="2019-11-19T18:39:39Z">
      <class name="UPB.Products.Emailpage">
        <test-method status="PASS" signature="before()[pri:0, instance:UPB.Products.Emailpage@c7a4e4]" name="before" is-config="true" duration-ms="9218" started-at="2019-11-20T00:09:11Z" finished-at="2019-11-20T00:09:20Z">
          <reporter-output>
          </reporter-output>
        </test-method> <!-- before -->
        <test-method status="PASS" signature="Before()[pri:0, instance:UPB.Products.Landingpage@24a67]" name="Before" is-config="true" duration-ms="9808" started-at="2019-11-20T00:09:20Z" finished-at="2019-11-20T00:09:30Z">
          <reporter-output>
          </reporter-output>
        </test-method> <!-- Before -->
        <test-method status="PASS" signature="Email()[pri:0, instance:UPB.Products.Emailpage@c7a4e4]" name="Email" duration-ms="3344" started-at="2019-11-20T00:09:36Z" finished-at="2019-11-20T00:09:39Z">
          <reporter-output>
          </reporter-output>
        </test-method> <!-- Email -->
        <test-method status="PASS" signature="after()[pri:0, instance:UPB.Products.Emailpage@c7a4e4]" name="after" is-config="true" duration-ms="77" started-at="2019-11-20T00:09:39Z" finished-at="2019-11-20T00:09:39Z">
          <reporter-output>
          </reporter-output>
        </test-method> <!-- after -->
        <test-method status="PASS" signature="After()[pri:0, instance:UPB.Products.Landingpage@24a67]" name="After" is-config="true" duration-ms="151" started-at="2019-11-20T00:09:39Z" finished-at="2019-11-20T00:09:39Z">
          <reporter-output>
          </reporter-output>
        </test-method> <!-- After -->
      </class> <!-- UPB.Products.Emailpage -->
      <class name="UPB.Products.Landingpage">
        <test-method status="PASS" signature="Login(java.lang.String, java.lang.String)[pri:0, instance:UPB.Products.Landingpage@24a67]" name="Login" duration-ms="2953" started-at="2019-11-20T00:09:30Z" data-provider="getData" finished-at="2019-11-20T00:09:33Z">
          <params>
            <param index="0">
              <value>
                <![CDATA[firstuser]]>
              </value>
            </param>
            <param index="1">
              <value>
                <![CDATA[firstpassword]]>
              </value>
            </param>
          </params>
          <reporter-output>
          </reporter-output>
        </test-method> <!-- Login -->
        <test-method status="PASS" signature="Login(java.lang.String, java.lang.String)[pri:0, instance:UPB.Products.Landingpage@24a67]" name="Login" duration-ms="2487" started-at="2019-11-20T00:09:33Z" data-provider="getData" finished-at="2019-11-20T00:09:36Z">
          <params>
            <param index="0">
              <value>
                <![CDATA[seconduser]]>
              </value>
            </param>
            <param index="1">
              <value>
                <![CDATA[secondpassword]]>
              </value>
            </param>
          </params>
          <reporter-output>
          </reporter-output>
        </test-method> <!-- Login -->
      </class> <!-- UPB.Products.Landingpage -->
    </test> <!-- Test -->
  </suite> <!-- Suite -->
</testng-results>
